Построение начато 18.05.2014 17:07:05.
     1>Проект "c:\Users\Егор\documents\Projects\lptprinter\lptprinter\lptprinter.vcxproj" в узле 2 (целевые объекты build).
     1>PrepareForBuild:
         Создание каталога "c:\users\егор\documents\Projects\lptprinter\Debug\".
       InitializeBuildStatus:
         Создание "Debug\lptprinter.unsuccessfulbuild", так как было задано "AlwaysCreate".
       ClCompile:
         C:\Program Files (x86)\Microsoft Visual Studio 10.0\VC\bin\CL.exe /c /ZI /nologo /W3 /WX- /Od /Oy- /D WIN32 /D _DEBUG /D _CONSOLE /D _UNICODE /D UNICODE /Gm /EHsc /RTC1 /MDd /GS /fp:precise /Zc:wchar_t /Zc:forScope /Fo"Debug\\" /Fd"Debug\vc100.pdb" /Gd /TP /analyze- /errorReport:prompt printer.cpp
         printer.cpp
     1>c:\users\егор\documents\projects\lptprinter\lptprinter\printer.cpp(13): warning C4996: 'gets': This function or variable may be unsafe. Consider using gets_s instead. To disable deprecation, use _CRT_SECURE_NO_WARNINGS. See online help for details.
                 c:\program files (x86)\microsoft visual studio 10.0\vc\include\stdio.h(277): см. объявление "gets"
     1>c:\users\егор\documents\projects\lptprinter\lptprinter\printer.cpp(14): warning C4996: 'strcat': This function or variable may be unsafe. Consider using strcat_s instead. To disable deprecation, use _CRT_SECURE_NO_WARNINGS. See online help for details.
                 c:\program files (x86)\microsoft visual studio 10.0\vc\include\string.h(110): см. объявление "strcat"
       ManifestResourceCompile:
         C:\Program Files (x86)\Microsoft SDKs\Windows\v7.0A\bin\rc.exe /nologo /fo"Debug\lptprinter.exe.embed.manifest.res" Debug\lptprinter_manifest.rc 
       Link:
         C:\Program Files (x86)\Microsoft Visual Studio 10.0\VC\bin\link.exe /ERRORREPORT:PROMPT /OUT:"c:\users\егор\documents\Projects\lptprinter\Debug\lptprinter.exe" /INCREMENTAL /NOLOGO kernel32.lib user32.lib gdi32.lib winspool.lib comdlg32.lib advapi32.lib shell32.lib ole32.lib oleaut32.lib uuid.lib odbc32.lib odbccp32.lib /MANIFEST /ManifestFile:"Debug\lptprinter.exe.intermediate.manifest" /MANIFESTUAC:"level='asInvoker' uiAccess='false'" /DEBUG /PDB:"c:\users\егор\documents\Projects\lptprinter\Debug\lptprinter.pdb" /SUBSYSTEM:CONSOLE /TLBID:1 /DYNAMICBASE /NXCOMPAT /IMPLIB:"c:\users\егор\documents\Projects\lptprinter\Debug\lptprinter.lib" /MACHINE:X86 Debug\lptprinter.exe.embed.manifest.res
         Debug\printer.obj
       Manifest:
         C:\Program Files (x86)\Microsoft SDKs\Windows\v7.0A\bin\mt.exe /nologo /verbose /out:"Debug\lptprinter.exe.embed.manifest" /manifest Debug\lptprinter.exe.intermediate.manifest
         C:\Program Files (x86)\Microsoft SDKs\Windows\v7.0A\bin\rc.exe /nologo /fo"Debug\lptprinter.exe.embed.manifest.res" Debug\lptprinter_manifest.rc 
       LinkEmbedManifest:
         C:\Program Files (x86)\Microsoft Visual Studio 10.0\VC\bin\link.exe /ERRORREPORT:PROMPT /OUT:"c:\users\егор\documents\Projects\lptprinter\Debug\lptprinter.exe" /INCREMENTAL /NOLOGO kernel32.lib user32.lib gdi32.lib winspool.lib comdlg32.lib advapi32.lib shell32.lib ole32.lib oleaut32.lib uuid.lib odbc32.lib odbccp32.lib /MANIFEST /ManifestFile:"Debug\lptprinter.exe.intermediate.manifest" /MANIFESTUAC:"level='asInvoker' uiAccess='false'" /DEBUG /PDB:"c:\users\егор\documents\Projects\lptprinter\Debug\lptprinter.pdb" /SUBSYSTEM:CONSOLE /TLBID:1 /DYNAMICBASE /NXCOMPAT /IMPLIB:"c:\users\егор\documents\Projects\lptprinter\Debug\lptprinter.lib" /MACHINE:X86 Debug\lptprinter.exe.embed.manifest.res
         Debug\printer.obj
         lptprinter.vcxproj -> c:\users\егор\documents\Projects\lptprinter\Debug\lptprinter.exe
       FinalizeBuildStatus:
         Файл "Debug\lptprinter.unsuccessfulbuild" удаляется.
         Обращение к "Debug\lptprinter.lastbuildstate".
     1>Построение проекта "c:\Users\Егор\documents\Projects\lptprinter\lptprinter\lptprinter.vcxproj" завершено (целевые объекты build).

Построение успешно завершено.

Затраченное время: 00:00:02.96
